<?xml version="1.0" encoding="UTF-8"?>
<!-- Generated by org.testng.reporters.JUnitReportReporter -->
<testsuite hostname="ABHIJIT-CHINTU" failures="0" tests="1" name="Day4.te" time="21.307" errors="0" timestamp="2023-01-27T14:04:04 IST" skipped="0">
  <testcase classname="Day4.te" name="m2" time="21.307"/>
  <system-out/>
</testsuite> <!-- Day4.te -->
