<?xml version="1.0" encoding="UTF-8"?>
<!-- Generated by org.testng.reporters.JUnitReportReporter -->
<testsuite hostname="ABHIJIT-CHINTU" failures="0" tests="1" name="Day4.Size" time="10.607" errors="0" timestamp="2023-01-27T11:10:30 IST" skipped="0">
  <testcase classname="Day4.Size" name="m" time="10.607"/>
  <system-out/>
</testsuite> <!-- Day4.Size -->
