<?xml version="1.0" encoding="UTF-8"?>
<!-- Generated by org.testng.reporters.JUnitReportReporter -->
<testsuite hostname="ABHIJIT-CHINTU" failures="0" tests="1" name="OrangeTestscript.Test1" time="11.320" errors="0" timestamp="2023-01-29T14:13:49 IST" skipped="0">
  <testcase classname="OrangeTestscript.Test1" name="m1" time="11.320"/>
  <system-out/>
</testsuite> <!-- OrangeTestscript.Test1 -->
